<?xml version="1.0" encoding="UTF-8"?>
<!-- Generated by org.testng.reporters.JUnitReportReporter -->
<testsuite hostname="DESKTOP-SUHMU3A" failures="0" tests="1" name="TTT.En_Verifypage" time="70.462" errors="0" timestamp="2022-05-27T17:47:12 IST" skipped="0">
  <testcase classname="TTT.En_Verifypage" name="validateLogin" time="70.462"/>
  <system-out/>
</testsuite> <!-- TTT.En_Verifypage -->
