<?xml version="1.0" encoding="UTF-8"?>
<!-- Generated by org.testng.reporters.JUnitReportReporter -->
<testsuite hostname="DESKTOP-SUHMU3A" failures="0" tests="1" name="uTestNG.TestNGBasics2" time="33.206" errors="0" timestamp="2022-05-29T13:53:57 IST" skipped="0">
  <testcase classname="uTestNG.TestNGBasics2" name="clickOnContactsTest" time="33.206"/>
  <system-out/>
</testsuite> <!-- uTestNG.TestNGBasics2 -->
