<?xml version="1.0" encoding="UTF-8"?>
<!-- Generated by org.testng.reporters.JUnitReportReporter -->
<testsuite hostname="DESKTOP-SUHMU3A" failures="0" tests="2" name="uTestNG.TestNGBasics" time="75.848" errors="0" timestamp="2022-06-01T16:34:16 IST" skipped="0">
  <testcase classname="uTestNG.TestNGBasics" name="verifyPageTitleTest" time="55.351"/>
  <system-out/>
  <testcase classname="uTestNG.TestNGBasics" name="verifyFreeCRMLogoTest" time="20.497"/>
  <system-out/>
</testsuite> <!-- uTestNG.TestNGBasics -->
